<?xml version="1.0" encoding="UTF-8" ?>
<testsuite tests="6" failures="0" name="com.tek.test.WordBreakTest" time="0.049" errors="0" skipped="0">
  <properties>
[...]
</properties>
  <testcase classname="com.tek.test.WordBreakTest" name="testOne" time="0.044"/>
  <testcase classname="com.tek.test.WordBreakTest" name="testSix" time="0.002"/>
  <testcase classname="com.tek.test.WordBreakTest" name="testTwo" time="0.001"/>
  <testcase classname="com.tek.test.WordBreakTest" name="testThere" time="0.002"/>
  <testcase classname="com.tek.test.WordBreakTest" name="testFive" time="0"/>
  <testcase classname="com.tek.test.WordBreakTest" name="testfour" time="0"/>
</testsuite>